<?xml version="1.0" encoding="UTF-8"?>
<!-- Generated by org.testng.reporters.JUnitXMLReporter -->
<testsuite ignored="0" hostname="YP1009711DT" failures="0" tests="3" name="Test" time="24.13" errors="0" timestamp="22 Aug 2019 11:38:31 GMT">
  <testcase classname="testCase.LoginWithValidCredentials" name="loginToAppllication" time="1.708"/>
  <testcase classname="testCase.LoginAndCreateNewCustomer" name="enterValidData" time="1.687"/>
  <testcase classname="testCase.LoginAndCreateNewCustomer" name="createNewCustomer" time="3.042"/>
</testsuite> <!-- Test -->
